Arguments: 
  /Users/hongsendu/.nvm/versions/node/v14.2.0/bin/node /usr/local/Cellar/yarn/1.22.0/libexec/bin/yarn.js start

PATH: 
  /Library/Frameworks/Python.framework/Versions/3.8/bin:/Users/hongsendu/opt/anaconda3/bin:/Users/hongsendu/opt/anaconda3/condabin:/Users/hongsendu/.nvm/versions/node/v14.2.0/bin:/anaconda3/bin:/usr/local/bin:/usr/bin:/bin:/usr/sbin:/sbin:/usr/local/share/dotnet:/Library/Apple/usr/bin:/Library/Frameworks/Mono.framework/Versions/Current/Commands

Yarn version: 
  1.22.0

Node version: 
  14.2.0

Platform: 
  darwin x64

Trace: 
  SyntaxError: /Users/hongsendu/messenger-webhook/package.json: Unexpected token } in JSON at position 204
      at JSON.parse (<anonymous>)
      at /usr/local/Cellar/yarn/1.22.0/libexec/lib/cli.js:1625:59
      at Generator.next (<anonymous>)
      at step (/usr/local/Cellar/yarn/1.22.0/libexec/lib/cli.js:310:30)
      at /usr/local/Cellar/yarn/1.22.0/libexec/lib/cli.js:321:13

npm manifest: 
  {
    "name": "messenger-webhook",
    "version": "1.0.0",
    "description": "",
    "main": "index.js",
    "scripts": {
      "test": "echo \"Error: no test specified\" && exit 1",
      "start": "node index.js",
    },
    "author": "",
    "license": "ISC",
    "dependencies": {
      "body-parser": "^1.19.0",
      "express": "^4.17.1"
    }
  }

yarn manifest: 
  No manifest

Lockfile: 
  No lockfile
